201612120944 p001
201612120944 p003
201612120944 p003
201612120945 p008
201612121052 p008
201612121052 p006
201612121052 p010
201612121115 p002
201612121116 p009
201612121344 p001
201612121344 p003
201612121344 p005
201612121345 p008
201612121452 p008
201612121452 p001
201612121452 p002
201612121615 p003
201612121616 p009
201612121622 p005
201612121622 p001
201612121622 p007
201612121640 p004
201612121640 p001
201612130925 p002
201612130925 p004
201612130925 p002
201612131024 p010
201612131024 p004
201612131332 p003
201612131332 p008
201612131332 p003
201612131332 p002
201612131332 p004
201612131536 p004
201612131536 p005
201612131536 p007
201612131536 p009
201612131537 p008
201612131742 p006
201612131742 p009
201612131742 p010
201612131742 p003
201612131742 p004
201612131742 p005
201612141110 p003
201612141110 p001
201612141110 p002
201612141110 p007
201612141111 p002
201612141139 p003
201612141139 p010
201612141139 p009
201612141200 p008
201612141200 p009
201612141231 p004
201612141231 p005
201612141327 p001
201612141327 p008
201612141328 p007
201612141337 p005
201612141337 p008
201612141346 p010
201612141622 p006
201612141622 p008
201612141622 p001
201612141622 p009
201612141629 p010
201612141630 p004
201612141630 p008
201612141638 p007
201612141638 p005
201612150948 p002
201612150948 p007
201612150948 p008
201612150948 p009
201612150948 p005
201612151025 p005
201612151029 p004
201612151109 p006
201612151109 p009
201612151130 p008
201612151151 p001
201612151456 p003
201612151456 p008
201612151525 p002
201612151525 p002
201612151525 p006
201612151525 p001
201612151533 p002
201612151533 p003
201612151539 p001
201612151540 p002
201612151540 p003
201612151540 p008
201612151541 p001
201612190950 p002
201612190951 p009
201612190951 p002
201612190951 p007
201612191123 p002
201612191123 p009
201612191123 p001
201612191123 p006
201612191348 p001
201612191348 p009
201612191348 p002
201612191349 p009
201612191349 p008
201612191349 p007
201612201119 p003
201612201120 p009
201612201120 p010
201612201147 p005
201612201147 p009
201612201147 p009
201612221410 p003
201612221410 p009
201612221411 p006
201612221411 p005
201612231405 p006
201612231406 p007
201612231406 p009
201612231406 p006
201612231406 p006
201612231503 p005
201612231503 p008
201612231503 p010
201612261620 p002
201612261620 p001
201612261620 p007
201612261620 p005
201612261620 p009
201612261624 p004
201612261624 p009
201612261624 p006
201612261651 p007
201612261651 p010
201612271343 p006
201612271343 p001
201612271343 p004
201612271401 p003
201612271401 p006
201612271401 p002
201612271401 p009
201612271526 p006
201612271526 p008
201612291516 p001
201612291517 p008
201612291517 p005
201612291548 p003
201701041149 p001
201701041149 p002
201701041149 p004
201701041341 p010
201701041341 p009
201701041341 p004
201612120133 p001
201612120133 p002
201612120140 p008
201612120140 p004
201612120140 p002
201612120140 p010
201612120140 p002
201612120140 p007
201612120140 p001
201612120140 p005
201612120140 p002
201612120141 p006
201612120147 p002
201612120153 p007
201612120153 p006
201612120153 p010
201612120206 p010
201612120227 p002
201612120227 p007
201612120227 p008
201612120227 p007
201612120227 p001
201612120227 p010
201612120227 p009
201612120227 p004
201612120227 p004
201612120227 p006
201612120239 p009
201612130929 p001
201612130929 p003
201612130929 p010
201612130929 p007
201612130929 p006
201612130929 p005
201612130929 p002
201612130929 p004
201612130929 p002
201612130929 p009
201612130929 p001
201612130315 p001
201612130315 p009
201612130315 p002
201612130315 p008
201612130315 p007
201612130315 p005
201612130315 p010
201612130315 p004
201612130315 p010
201612130315 p010
201612130315 p010
201612130451 p008
201612130451 p010
201612130451 p003
201612130451 p007
201612130451 p006
201612130451 p009
201612130451 p001
201612130451 p002
201612130451 p002
201612130451 p006
201612130451 p004
201612130451 p002
201612130451 p003
201612130451 p008
201612130451 p001
201612130451 p007
201612130451 p003
201612130541 p002
201612130542 p008
201612130542 p010
201612130542 p005
201612130544 p004
201612130544 p010
201612130544 p008
201612130545 p007
201612130545 p003
201612130545 p009
201612130545 p006
201612141031 p007
201612141031 p001
201612141032 p009
201612141032 p004
201612141032 p005
201612141032 p010
201612141032 p002
201612141032 p001
201612141032 p002
201612141032 p003
201612141032 p007
201612141032 p009
201612141032 p008
201612141032 p005
201612141032 p004
201612140000 p008
201612140000 p003
201612140000 p008
201612140000 p008
201612140000 p008
201612140000 p009
201612140000 p008
201612140000 p004
201612140000 p010
201612140000 p002
201612140000 p002
201612140000 p008
201612140002 p001
201612140104 p002
201612141310 p001
201612141310 p002
201612141310 p004
201612141311 p001
201612141311 p001
201612141314 p002
201612141315 p004
201612141315 p010
201612141315 p002
201612141315 p008
201612141315 p001
201612141315 p003
201612141315 p004
201612141315 p002
201612141315 p006
201612141316 p001
201612141316 p003
201612141320 p001
201612150926 p001
201612150926 p001
201612150926 p001
201612150926 p004
201612150926 p004
201612150926 p010
201612150926 p007
201612150926 p005
201612150926 p006
201612150926 p009
201612150947 p002
201612150948 p004
201612150948 p008
201612150948 p007
201612150948 p002
201612150949 p006
201612150949 p008
201612151455 p001
201612151455 p005
201612151455 p008
201612151455 p007
201612151455 p003
201612151455 p009
201612151455 p002
201612151455 p006
201612151455 p004
201612151455 p003
201612151455 p008
201612151455 p008
201612151455 p001
201612151455 p007
201612151455 p001
201612151455 p009
201612151500 p006
201612151500 p001
201612151500 p003
201612151500 p010
201612151500 p009
201612151500 p005
201612151500 p004
201612151500 p007
201612151500 p002
201612151500 p002
201612151500 p009
201612151501 p003
201612151501 p009
201612151501 p002
201612151501 p004
201612151501 p002
201612151535 p001
201612151535 p002
201612151535 p001
201612151536 p002
201612151536 p002
201612151536 p004
201612151540 p004
201612151544 p001
201612151544 p009
201612161623 p002
201612161623 p008
201612161623 p007
201612161623 p010
201612161623 p010
201612161623 p009
201612161623 p005
201612161623 p004
201612161623 p002
201612200938 p001
201612200938 p009
201612200938 p004
201612200938 p002
201612200938 p008
201612200938 p004
201612200938 p007
201612200938 p006
201612201427 p010
201612201427 p005
201612201427 p009
201612201427 p007
201612201427 p008
201612201427 p002
201612201427 p003
201612201427 p006
201612201427 p002
201612201427 p005
201612201427 p003
201612201427 p004
201612201427 p004
201612201427 p010
201612201427 p007
201612201427 p009
201612201431 p010
201612201431 p004
201612201431 p008
201612201431 p008
201612201432 p006
201612201432 p004
201612201432 p002
201612201432 p002
201612201436 p005
201612221158 p002
201612221158 p001
201612221158 p009
201612221158 p007
201612221158 p004
201612221158 p010
201612221158 p004
201612221158 p006
201612221158 p002
201612221158 p004
201612221158 p008
201612221158 p009
201612221158 p001
201612221158 p008
201612221158 p010
201612221159 p010
201612221159 p010
201612221446 p002
201612221447 p001
201612221447 p002
201612221447 p009
201612221447 p003
201612221447 p004
201612221447 p005
201612221447 p009
201612221447 p007
201612221447 p009
201612221447 p006
201612221447 p002
201612221447 p004
201612221447 p004
201612231045 p002
201612231045 p008
201612231045 p010
201612231045 p004
201612231045 p009
201612231045 p007
201612231045 p002
201612231045 p006
201612231045 p005
201612231045 p004
201612231045 p004
201612231045 p003
201612231045 p002
201612231045 p007
201612231045 p001
201612231045 p008
201612231045 p009
201612231045 p010
201612231045 p004
201612231045 p005
201612231046 p003
201612231046 p002
201612231046 p007
201612231046 p002
201612231046 p001
201612231046 p010
201612231046 p005
201612231046 p008
201612231046 p009
201612231046 p006
201612231046 p010
201612231046 p008
201612231132 p004
201612231132 p009
201612231308 p001
201612231309 p009
201612231309 p008
201612231309 p005
201612231309 p004
201612261107 p002
201612261107 p008
201612261107 p004
201612261107 p007
201612261107 p001
201612261107 p009
201612261107 p004
201612261107 p002
201612261107 p006
201612261107 p002
201612261107 p008
201612261107 p001
201612261107 p007
201612261107 p008
201612261107 p007
201612261107 p006
201612261107 p002
201612261107 p004
201612261107 p002
201612261107 p002
201612271331 p002
201612271331 p007
201612271331 p009
201612271331 p010
201612271331 p001
201612271331 p002
201612271331 p006
201612271331 p007
201612271343 p009
201612271343 p010
201612271343 p004
201612271343 p005
201612271343 p001
201612271343 p002
201612271343 p004
201612271343 p007
201612281111 p001
201612281111 p002
201612281111 p007
201612281111 p006
201612281111 p002
201612281111 p007
201612281111 p008
201612281111 p009
201612281112 p004
201612281112 p010
201612281112 p005
201612281112 p004
201612281112 p003
201612281413 p001
201612281631 p010
201612281631 p002
201612281631 p001
201612291348 p002
201612291348 p008
201612291348 p007
201612291348 p010
201612291348 p004
201612291348 p004
201612291349 p002
201612291349 p006
201612291349 p001
201612291516 p002
201612291516 p005
201612291516 p007
201612291516 p008
201612291516 p010
201612291516 p002
201612291516 p001
201612291516 p006
201612291516 p004
201701030942 p001
201701030942 p009
201701030942 p003
201701030942 p008
201701030942 p004
201701030942 p007
201701030942 p006
201701030942 p002
201701030942 p002
201701030942 p003
201701030942 p010
201701030942 p005
201701030942 p007
201701030942 p009
201701030942 p004
201701030942 p002
201701030942 p001
201701030942 p004
201701030942 p002
201701031122 p007
201701031122 p001
201708031125 p008
201708031125 p007
201708031125 p006
201708031133 p007
201708031133 p008
201708031133 p006
201708031134 p001
201708031757 p002
201708031757 p006
201708031757 p008
201708031757 p003
201708031757 p004
201708031757 p009
201708031757 p010
201708031757 p005
201708041250 p001
201708041250 p001
201708041250 p006
201708041250 p007
201708041250 p008
201708041250 p009
201708041250 p009
201708041250 p004
201708041250 p005
201708041250 p010
201708041250 p009
201708041250 p008
201708041250 p004
201708041250 p009
201708041250 p009
201708070901 p001
201708070901 p001
201708070901 p006
201708070901 p007
201708070901 p002
201708070901 p003
201708070901 p009
201708070901 p004
201708070901 p010
201708070901 p004
201708070901 p005
201708070901 p010
201708070901 p005
201708070901 p004
201708070901 p009
201708070901 p007
201708070901 p002
201708070901 p008
201708070932 p001
201708070932 p001
201708070932 p002
201708070932 p002
201708070932 p007
201708070932 p006
201708070932 p008
201708070932 p003
201708070932 p004
201708070947 p008
201708070947 p007
201708071107 p001
201708071107 p001
201708071107 p001
201708071107 p001
201708071107 p007
201708071107 p007
201708071107 p006
201708071107 p002
201708071306 p001
201708071306 p006
201708071306 p007
201708071306 p002
201708071307 p003
201708071605 p001
201708071631 p001
201708071631 p006
201708071631 p007
201708071631 p002
201708080852 p007
201708080852 p001
201708080852 p008
201708080852 p009
201708080852 p006
201708080852 p007
201708080852 p004
201708080852 p002
201708080852 p005
201708080852 p010
201708080909 p003
201708080909 p002
201708080909 p007
201708081007 p005
201708081007 p005
201708081030 p001
201708081030 p009
201708091735 p001
201708091735 p009
201708091735 p008
201708091735 p005
201708091735 p004
201708091735 p003
201708101001 p001
201708101001 p009
201708101001 p009
201708101001 p010
201708101001 p010
201708101001 p004
201708101001 p005
201708101001 p003
201708101001 p008
201708101120 p007
201708101120 p003
201708101120 p004
201708101413 p001
201708101414 p003
201708101414 p003
201708101414 p007
201708101414 p008
201708101414 p006
201708101414 p004
201708101414 p009
201708101414 p009
201708101844 p001
201708101844 p001
201708101844 p002
201708101844 p007
201708101844 p006
201708101844 p008
201708101844 p003
201708101844 p003
201708101844 p004
201708101844 p009
201708101844 p010
201708101844 p005
201708110846 p001
201708110846 p008
201708110846 p009
201708110846 p010
201708110846 p004
201708110846 p005
201708110846 p007
201708110846 p003
201708110919 p003
201708110919 p009
201708110919 p008
201708110919 p004
201708111408 p003
201708111408 p008
201708111408 p007
201708111408 p009
201708111408 p004
201708111408 p009
201708111408 p009
201708111408 p009
201708111408 p008
201708111434 p007
201708111434 p007
201708111434 p008
201708111434 p003
201708111434 p002
201708111434 p006
201708111434 p004
201708111434 p009
201708111434 p010
201708111434 p005
201708111557 p007
201708111557 p008
201708111557 p007
201708111557 p006
201708111557 p009
201708111557 p004
201708111557 p005
201708111557 p010
201708111607 p002
201708111607 p003
201708111624 p001
201708111624 p002
201708111624 p003
201708111624 p008
201708111625 p002
201708111625 p003
201708111759 p007
201708111759 p002
201708111759 p008
201708111759 p003
201708111759 p009
201708111759 p010
201708111759 p005
201708120944 p001
201708120944 p003
201708120944 p004
201708120945 p008
201708121052 p008
201708121052 p004
201708121052 p004
201708121052 p004
201708121052 p004
201708121052 p004
201708121052 p004
201708121052 p004
201708121052 p004
201708121052 p009
201708121115 p005
201708121116 p009
